<?xml version="1.0" encoding="UTF-8"?>
<!-- Generated by org.testng.reporters.JUnitXMLReporter -->
<testsuite hostname="DESKTOP-E3RV0NI" ignored="0" name="Default test" tests="3" failures="0" timestamp="29 Nov 2019 06:22:15 GMT" time="10.931" errors="0">
  <testcase name="Login" time="3.415" classname="Appli_Tradional.Test.NewTest"/>
  <testcase name="clickTablestatus" time="0.368" classname="Appli_Tradional.Test.NewTest"/>
  <testcase name="clickcompareExpense" time="1.011" classname="Appli_Tradional.Test.NewTest"/>
</testsuite> <!-- Default test -->
